<?xml version="1.0" encoding="UTF-8"?>
<!-- Generated by org.testng.reporters.JUnitReportReporter -->
<testsuite hostname="DESKTOP-2T02PLP" failures="0" tests="1" name="com.pgs.praticsTest.HMS_PGS_ADDING_DOCTOR_AND_SEARCH_PATIENTTest" time="23.499" errors="0" timestamp="2023-07-12T16:31:01 IST" skipped="0">
  <testcase classname="com.pgs.praticsTest.HMS_PGS_ADDING_DOCTOR_AND_SEARCH_PATIENTTest" name="addingDoctorandSearchPatient" time="23.499"/>
  <system-out/>
</testsuite> <!-- com.pgs.praticsTest.HMS_PGS_ADDING_DOCTOR_AND_SEARCH_PATIENTTest -->
