<?xml version="1.0" encoding="UTF-8"?>
<!-- Generated by org.testng.reporters.JUnitReportReporter -->
<testsuite hostname="DESKTOP-2T02PLP" failures="0" tests="8" name="com.pgs.praticsTest.Main" time="0.053" errors="0" timestamp="2023-07-06T17:54:02 IST" skipped="0">
  <testcase classname="com.pgs.praticsTest.Main" name="test" time="0.003"/>
  <system-out/>
  <testcase classname="com.pgs.praticsTest.Main" name="test" time="0.016"/>
  <system-out/>
  <testcase classname="com.pgs.praticsTest.Main" name="test" time="0.006"/>
  <system-out/>
  <testcase classname="com.pgs.praticsTest.Main" name="test" time="0.006"/>
  <system-out/>
  <testcase classname="com.pgs.praticsTest.Main" name="test" time="0.004"/>
  <system-out/>
  <testcase classname="com.pgs.praticsTest.Main" name="test" time="0.007"/>
  <system-out/>
  <testcase classname="com.pgs.praticsTest.Main" name="test" time="0.006"/>
  <system-out/>
  <testcase classname="com.pgs.praticsTest.Main" name="test" time="0.005"/>
  <system-out/>
</testsuite> <!-- com.pgs.praticsTest.Main -->
